Common Logger:	2024/05/31 23:29:02 main.go:32: Shuting down on progress...
Common Logger:	2024/05/31 23:29:12 main.go:37: fully shuting down
Common Logger:	2024/05/31 23:29:15 main.go:24: Server is Running
Common Logger:	2024/05/31 23:29:23 handler.go:40: Request : {1 100}
Common Logger:	2024/05/31 23:29:23 handler.go:62: Respone : {842.9µs [] }
Common Logger:	2024/05/31 23:30:04 main.go:32: Shuting down on progress...
Common Logger:	2024/05/31 23:30:14 main.go:37: fully shuting down
Common Logger:	2024/05/31 23:30:21 main.go:24: Server is Running
Common Logger:	2024/05/31 23:30:27 handler.go:40: Request : {1 100}
Common Logger:	2024/05/31 23:30:27 handler.go:64: Respone : {628.7µs [] }
Common Logger:	2024/05/31 23:30:30 handler.go:40: Request : {1 10}
Common Logger:	2024/05/31 23:30:30 handler.go:64: Respone : {451.5µs [] }
Common Logger:	2024/05/31 23:30:32 handler.go:40: Request : {1 10}
Common Logger:	2024/05/31 23:30:32 handler.go:64: Respone : {434.4µs [] }
Common Logger:	2024/05/31 23:31:34 main.go:32: Shuting down on progress...
Common Logger:	2024/05/31 23:31:44 main.go:37: fully shuting down
Common Logger:	2024/05/31 23:32:16 main.go:24: Server is Running
Common Logger:	2024/05/31 23:32:21 handler.go:40: Request : {1 10}
Common Logger:	2024/05/31 23:32:21 handler.go:64: Respone : {681.8µs [1 2 Fizz 4 Buzz Fizz 7 8 Fizz Buzz] }
Common Logger:	2024/05/31 23:32:22 handler.go:40: Request : {1 10}
Common Logger:	2024/05/31 23:32:22 handler.go:64: Respone : {380.2µs [1 2 Fizz 4 Buzz Fizz 7 8 Fizz Buzz] }
Common Logger:	2024/05/31 23:32:24 handler.go:40: Request : {1 10}
Common Logger:	2024/05/31 23:32:24 handler.go:64: Respone : {579.5µs [1 2 Fizz 4 Buzz Fizz 7 8 Fizz Buzz] }
Common Logger:	2024/05/31 23:32:27 handler.go:40: Request : {1 100}
Common Logger:	2024/05/31 23:32:27 handler.go:64: Respone : {362µs [1 2 Fizz 4 Buzz Fizz 7 8 Fizz Buzz 11 Fizz 13 14 FizzBuzz 16 17 Fizz 19 Buzz Fizz 22 23 Fizz Buzz 26 Fizz 28 29 FizzBuzz 31 32 Fizz 34 Buzz Fizz 37 38 Fizz Buzz 41 Fizz 43 44 FizzBuzz 46 47 Fizz 49 Buzz Fizz 52 53 Fizz Buzz 56 Fizz 58 59 FizzBuzz 61 62 Fizz 64 Buzz Fizz 67 68 Fizz Buzz 71 Fizz 73 74 FizzBuzz 76 77 Fizz 79 Buzz Fizz 82 83 Fizz Buzz 86 Fizz 88 89 FizzBuzz 91 92 Fizz 94 Buzz Fizz 97 98 Fizz Buzz] }
Common Logger:	2024/05/31 23:32:32 handler.go:40: Request : {1 100}
Common Logger:	2024/05/31 23:32:32 handler.go:64: Respone : {1.088ms [1 2 Fizz 4 Buzz Fizz 7 8 Fizz Buzz 11 Fizz 13 14 FizzBuzz 16 17 Fizz 19 Buzz Fizz 22 23 Fizz Buzz 26 Fizz 28 29 FizzBuzz 31 32 Fizz 34 Buzz Fizz 37 38 Fizz Buzz 41 Fizz 43 44 FizzBuzz 46 47 Fizz 49 Buzz Fizz 52 53 Fizz Buzz 56 Fizz 58 59 FizzBuzz 61 62 Fizz 64 Buzz Fizz 67 68 Fizz Buzz 71 Fizz 73 74 FizzBuzz 76 77 Fizz 79 Buzz Fizz 82 83 Fizz Buzz 86 Fizz 88 89 FizzBuzz 91 92 Fizz 94 Buzz Fizz 97 98 Fizz Buzz] }
Common Logger:	2024/05/31 23:32:37 handler.go:40: Request : {1 1001}
Error Logger:	2024/05/31 23:32:37 handler.go:49: Error : %!(EXTRA *errors.errorString=invalid request constraint)
Common Logger:	2024/05/31 23:32:41 handler.go:40: Request : {1 100}
Common Logger:	2024/05/31 23:32:41 handler.go:64: Respone : {480.3µs [1 2 Fizz 4 Buzz Fizz 7 8 Fizz Buzz 11 Fizz 13 14 FizzBuzz 16 17 Fizz 19 Buzz Fizz 22 23 Fizz Buzz 26 Fizz 28 29 FizzBuzz 31 32 Fizz 34 Buzz Fizz 37 38 Fizz Buzz 41 Fizz 43 44 FizzBuzz 46 47 Fizz 49 Buzz Fizz 52 53 Fizz Buzz 56 Fizz 58 59 FizzBuzz 61 62 Fizz 64 Buzz Fizz 67 68 Fizz Buzz 71 Fizz 73 74 FizzBuzz 76 77 Fizz 79 Buzz Fizz 82 83 Fizz Buzz 86 Fizz 88 89 FizzBuzz 91 92 Fizz 94 Buzz Fizz 97 98 Fizz Buzz] }
